# JRE version: OpenJDK Runtime Environment (22.0.2+9) (build 22.0.2+9-70)
# Java VM: OpenJDK 64-Bit Server VM (22.0.2+9-70, mixed mode, sharing, tiered, compressed oops, compressed class ptrs, g1 gc, windows-amd64)
GC Precious Log:
 CardTable entry size: 512
 Card Set container configuration: InlinePtr #cards 5 size 8 Array Of Cards #cards 12 size 40 Howl #buckets 4 coarsen threshold 1843 Howl Bitmap #cards 512 size 80 coarsen threshold 460 Card regions per heap region 1 cards per card region 2048
 CPUs: 8 total, 8 available
 Memory: 8029M
 Large Page Support: Disabled
 NUMA Support: Disabled
 Compressed Oops: Enabled (32-bit)
 Heap Region Size: 1M
 Heap Min Capacity: 8M
 Heap Initial Capacity: 126M
 Heap Max Capacity: 2008M
 Pre-touch: Disabled
 Parallel Workers: 8
 Concurrent Workers: 2
 Concurrent Refinement Workers: 8
 Periodic GC: Disabled
Heap:
 garbage-first heap   total reserved 2056192K, committed 58368K, used 30245K [0x0000000082800000, 0x0000000100000000)
  region size 1024K, 4 young (4096K), 3 survivors (3072K)
 Metaspace       used 65700K, committed 66368K, reserved 1114112K
  class space    used 9139K, committed 9408K, reserved 1048576K
GC Heap History (20 events):
Event: 2.165 GC heap before
{Heap before GC invocations=5 (full 0):
 garbage-first heap   total reserved 2056192K, committed 48128K, used 37700K [0x0000000082800000, 0x0000000100000000)
  region size 1024K, 25 young (25600K), 3 survivors (3072K)
 Metaspace       used 27611K, committed 28096K, reserved 1114112K
  class space    used 3545K, committed 3776K, reserved 1048576K
}
Event: 2.168 GC heap after
{Heap after GC invocations=6 (full 0):
 garbage-first heap   total reserved 2056192K, committed 48128K, used 16704K [0x0000000082800000, 0x0000000100000000)
  region size 1024K, 2 young (2048K), 2 survivors (2048K)
 Metaspace       used 27611K, committed 28096K, reserved 1114112K
  class space    used 3545K, committed 3776K, reserved 1048576K
}
Event: 2.592 GC heap before
{Heap before GC invocations=6 (full 0):
 garbage-first heap   total reserved 2056192K, committed 48128K, used 39232K [0x0000000082800000, 0x0000000100000000)
  region size 1024K, 24 young (24576K), 2 survivors (2048K)
 Metaspace       used 31727K, committed 32192K, reserved 1114112K
  class space    used 4130K, committed 4352K, reserved 1048576K
}
Event: 2.596 GC heap after
{Heap after GC invocations=7 (full 0):
 garbage-first heap   total reserved 2056192K, committed 48128K, used 19227K [0x0000000082800000, 0x0000000100000000)
  region size 1024K, 3 young (3072K), 3 survivors (3072K)
 Metaspace       used 31727K, committed 32192K, reserved 1114112K
  class space    used 4130K, committed 4352K, reserved 1048576K
}
Event: 2.966 GC heap before
{Heap before GC invocations=7 (full 0):
 garbage-first heap   total reserved 2056192K, committed 48128K, used 39707K [0x0000000082800000, 0x0000000100000000)
  region size 1024K, 23 young (23552K), 3 survivors (3072K)
 Metaspace       used 35422K, committed 35968K, reserved 1114112K
  class space    used 4637K, committed 4864K, reserved 1048576K
}
Event: 2.969 GC heap after
{Heap after GC invocations=8 (full 0):
 garbage-first heap   total reserved 2056192K, committed 48128K, used 20583K [0x0000000082800000, 0x0000000100000000)
  region size 1024K, 2 young (2048K), 2 survivors (2048K)
 Metaspace       used 35422K, committed 35968K, reserved 1114112K
  class space    used 4637K, committed 4864K, reserved 1048576K
}
Event: 2.973 GC heap before
{Heap before GC invocations=8 (full 0):
 garbage-first heap   total reserved 2056192K, committed 48128K, used 20583K [0x0000000082800000, 0x0000000100000000)
  region size 1024K, 3 young (3072K), 2 survivors (2048K)
 Metaspace       used 35477K, committed 35968K, reserved 1114112K
  class space    used 4646K, committed 4864K, reserved 1048576K
}
Event: 2.975 GC heap after
{Heap after GC invocations=9 (full 0):
 garbage-first heap   total reserved 2056192K, committed 48128K, used 20424K [0x0000000082800000, 0x0000000100000000)
  region size 1024K, 2 young (2048K), 2 survivors (2048K)
 Metaspace       used 35477K, committed 35968K, reserved 1114112K
  class space    used 4646K, committed 4864K, reserved 1048576K
}
Event: 3.361 GC heap before
{Heap before GC invocations=10 (full 0):
 garbage-first heap   total reserved 2056192K, committed 48128K, used 41928K [0x0000000082800000, 0x0000000100000000)
  region size 1024K, 23 young (23552K), 2 survivors (2048K)
 Metaspace       used 41469K, committed 42048K, reserved 1114112K
  class space    used 5562K, committed 5824K, reserved 1048576K
}
Event: 3.363 GC heap after
{Heap after GC invocations=11 (full 0):
 garbage-first heap   total reserved 2056192K, committed 48128K, used 22006K [0x0000000082800000, 0x0000000100000000)
  region size 1024K, 3 young (3072K), 3 survivors (3072K)
 Metaspace       used 41469K, committed 42048K, reserved 1114112K
  class space    used 5562K, committed 5824K, reserved 1048576K
}
Event: 3.691 GC heap before
{Heap before GC invocations=11 (full 0):
 garbage-first heap   total reserved 2056192K, committed 48128K, used 41462K [0x0000000082800000, 0x0000000100000000)
  region size 1024K, 22 young (22528K), 3 survivors (3072K)
 Metaspace       used 46476K, committed 47040K, reserved 1114112K
  class space    used 6251K, committed 6464K, reserved 1048576K
}
Event: 3.695 GC heap after
{Heap after GC invocations=12 (full 0):
 garbage-first heap   total reserved 2056192K, committed 48128K, used 23250K [0x0000000082800000, 0x0000000100000000)
  region size 1024K, 3 young (3072K), 3 survivors (3072K)
 Metaspace       used 46476K, committed 47040K, reserved 1114112K
  class space    used 6251K, committed 6464K, reserved 1048576K
}
Event: 4.152 GC heap before
{Heap before GC invocations=12 (full 0):
 garbage-first heap   total reserved 2056192K, committed 48128K, used 40658K [0x0000000082800000, 0x0000000100000000)
  region size 1024K, 21 young (21504K), 3 survivors (3072K)
 Metaspace       used 52599K, committed 53184K, reserved 1114112K
  class space    used 7189K, committed 7424K, reserved 1048576K
}
Event: 4.154 GC heap after
{Heap after GC invocations=13 (full 0):
 garbage-first heap   total reserved 2056192K, committed 48128K, used 24979K [0x0000000082800000, 0x0000000100000000)
  region size 1024K, 2 young (2048K), 2 survivors (2048K)
 Metaspace       used 52599K, committed 53184K, reserved 1114112K
  class space    used 7189K, committed 7424K, reserved 1048576K
}
Event: 4.472 GC heap before
{Heap before GC invocations=13 (full 0):
 garbage-first heap   total reserved 2056192K, committed 48128K, used 42387K [0x0000000082800000, 0x0000000100000000)
  region size 1024K, 19 young (19456K), 2 survivors (2048K)
 Metaspace       used 57339K, committed 57920K, reserved 1114112K
  class space    used 7943K, committed 8192K, reserved 1048576K
}
Event: 4.474 GC heap after
{Heap after GC invocations=14 (full 0):
 garbage-first heap   total reserved 2056192K, committed 48128K, used 25777K [0x0000000082800000, 0x0000000100000000)
  region size 1024K, 3 young (3072K), 3 survivors (3072K)
 Metaspace       used 57339K, committed 57920K, reserved 1114112K
  class space    used 7943K, committed 8192K, reserved 1048576K
}
Event: 4.745 GC heap before
{Heap before GC invocations=15 (full 0):
 garbage-first heap   total reserved 2056192K, committed 48128K, used 40113K [0x0000000082800000, 0x0000000100000000)
  region size 1024K, 18 young (18432K), 3 survivors (3072K)
 Metaspace       used 60151K, committed 60800K, reserved 1114112K
  class space    used 8359K, committed 8640K, reserved 1048576K
}
Event: 4.748 GC heap after
{Heap after GC invocations=16 (full 0):
 garbage-first heap   total reserved 2056192K, committed 48128K, used 27301K [0x0000000082800000, 0x0000000100000000)
  region size 1024K, 3 young (3072K), 3 survivors (3072K)
 Metaspace       used 60151K, committed 60800K, reserved 1114112K
  class space    used 8359K, committed 8640K, reserved 1048576K
}
Event: 4.976 GC heap before
{Heap before GC invocations=16 (full 0):
 garbage-first heap   total reserved 2056192K, committed 48128K, used 40613K [0x0000000082800000, 0x0000000100000000)
  region size 1024K, 16 young (16384K), 3 survivors (3072K)
 Metaspace       used 62075K, committed 62784K, reserved 1114112K
  class space    used 8631K, committed 8960K, reserved 1048576K
}
Event: 4.980 GC heap after
{Heap after GC invocations=17 (full 0):
 garbage-first heap   total reserved 2056192K, committed 58368K, used 28434K [0x0000000082800000, 0x0000000100000000)
  region size 1024K, 2 young (2048K), 2 survivors (2048K)
 Metaspace       used 62075K, committed 62784K, reserved 1114112K
  class space    used 8631K, committed 8960K, reserved 1048576K
}

